0 info it worked if it ends with ok
1 verbose cli [ 'node', '/usr/bin/npm', 'install', 'express', '--save' ]
2 info using npm@1.3.6
3 info using node@v0.10.48
4 warn package.json read@1.0.0 No description
5 warn package.json read@1.0.0 No repository field.
6 warn package.json read@1.0.0 No README data
7 verbose readDependencies using package.json deps
8 verbose cache add [ 'express@^4.17.1', null ]
9 verbose cache add name=undefined spec="express@^4.17.1" args=["express@^4.17.1",null]
10 verbose parsed url { protocol: null,
10 verbose parsed url   slashes: null,
10 verbose parsed url   auth: null,
10 verbose parsed url   host: null,
10 verbose parsed url   port: null,
10 verbose parsed url   hostname: null,
10 verbose parsed url   hash: null,
10 verbose parsed url   search: null,
10 verbose parsed url   query: null,
10 verbose parsed url   pathname: 'express@^4.17.1',
10 verbose parsed url   path: 'express@^4.17.1',
10 verbose parsed url   href: 'express@^4.17.1' }
11 verbose cache add name="express" spec="^4.17.1" args=["express","^4.17.1"]
12 verbose parsed url { protocol: null,
12 verbose parsed url   slashes: null,
12 verbose parsed url   auth: null,
12 verbose parsed url   host: null,
12 verbose parsed url   port: null,
12 verbose parsed url   hostname: null,
12 verbose parsed url   hash: null,
12 verbose parsed url   search: null,
12 verbose parsed url   query: null,
12 verbose parsed url   pathname: '^4.17.1',
12 verbose parsed url   path: '^4.17.1',
12 verbose parsed url   href: '^4.17.1' }
13 verbose addNamed [ 'express', '^4.17.1' ]
14 verbose addNamed [ null, '>=4.17.1-0 <5.0.0-0' ]
15 silly lockFile 462f207e-express-4-17-1 express@^4.17.1
16 verbose lock express@^4.17.1 /home/joshedge/.npm/462f207e-express-4-17-1.lock
17 silly addNameRange { name: 'express', range: '>=4.17.1-0 <5.0.0-0', hasData: false }
18 verbose url raw express
19 verbose url resolving [ 'https://registry.npmjs.org/', './express' ]
20 verbose url resolved https://registry.npmjs.org/express
21 info trying registry request attempt 1 at 15:36:18
22 http GET https://registry.npmjs.org/express
23 info retry will retry, error on last attempt: Error: CERT_UNTRUSTED
24 info trying registry request attempt 2 at 15:36:28
25 http GET https://registry.npmjs.org/express
26 info retry will retry, error on last attempt: Error: CERT_UNTRUSTED
27 info trying registry request attempt 3 at 15:37:28
28 http GET https://registry.npmjs.org/express
29 silly lockFile 462f207e-express-4-17-1 express@^4.17.1
30 silly lockFile 462f207e-express-4-17-1 express@^4.17.1
31 error Error: CERT_UNTRUSTED
31 error     at SecurePair.<anonymous> (tls.js:1430:32)
31 error     at SecurePair.emit (events.js:92:17)
31 error     at SecurePair.maybeInitFinished (tls.js:1029:10)
31 error     at CleartextStream.read [as _read] (tls.js:521:13)
31 error     at CleartextStream.Readable.read (_stream_readable.js:341:10)
31 error     at EncryptedStream.write [as _write] (tls.js:418:25)
31 error     at doWrite (_stream_writable.js:226:10)
31 error     at writeOrBuffer (_stream_writable.js:216:5)
31 error     at EncryptedStream.Writable.write (_stream_writable.js:183:11)
31 error     at write (_stream_readable.js:602:24)
32 error If you need help, you may report this log at:
32 error     <http://github.com/isaacs/npm/issues>
32 error or email it to:
32 error     <npm-@googlegroups.com>
33 error System Linux 2.6.32-954.3.5.lve1.4.72.el6.x86_64
34 error command "node" "/usr/bin/npm" "install" "express" "--save"
35 error cwd /home/joshedge/public_html/COMP351/projects/1/dbinterface
36 error node -v v0.10.48
37 error npm -v 1.3.6
38 verbose exit [ 1, true ]
